<?xml version="1.0" encoding="UTF-8"?>
<testng-results ignored="0" total="1" passed="1" failed="0" skipped="0">
  <reporter-output>
  </reporter-output>
  <suite started-at="2021-06-30T11:19:20 IST" name="Default suite" finished-at="2021-06-30T11:19:30 IST" duration-ms="9833">
    <groups>
    </groups>
    <test started-at="2021-06-30T11:19:20 IST" name="Default test" finished-at="2021-06-30T11:19:30 IST" duration-ms="9833">
      <class name="test.LoginTest">
        <test-method is-config="true" signature="setup()[pri:0, instance:test.LoginTest@47faa49c]" started-at="2021-06-30T11:19:20 IST" name="setup" finished-at="2021-06-30T11:19:28 IST" duration-ms="8669" status="PASS">
          <reporter-output>
          </reporter-output>
        </test-method> <!-- setup -->
        <test-method signature="test_Home_Page_Appear_Correct()[pri:0, instance:test.LoginTest@47faa49c]" started-at="2021-06-30T11:19:28 IST" name="test_Home_Page_Appear_Correct" finished-at="2021-06-30T11:19:30 IST" duration-ms="1125" status="PASS">
          <reporter-output>
          </reporter-output>
        </test-method> <!-- test_Home_Page_Appear_Correct -->
      </class> <!-- test.LoginTest -->
    </test> <!-- Default test -->
  </suite> <!-- Default suite -->
</testng-results>
